<?xml version="1.0" encoding="UTF-8"?>
<!-- Generated by org.testng.reporters.JUnitXMLReporter -->
<testsuite hostname="DESKTOP-4U9JETB" ignored="0" name="Test" tests="4" failures="0" timestamp="27 Aug 2020 11:27:38 GMT" time="20.032" errors="0">
  <testcase name="login" time="1.893" classname="com.Project.Main.LoginPage"/>
  <testcase name="login" time="1.256" classname="com.Project.Main.LoginPage"/>
  <testcase name="login" time="1.207" classname="com.Project.Main.LoginPage"/>
  <testcase name="signUp" time="1.251" classname="com.Project.Main.LoginPage"/>
</testsuite> <!-- Test -->
