<?xml version="1.0" encoding="UTF-8"?>
<!-- Generated by org.testng.reporters.JUnitXMLReporter -->
<testsuite hostname="DESKTOP-4U9JETB" ignored="0" name="Test" tests="4" failures="0" timestamp="26 Aug 2020 05:52:26 GMT" time="17.34" errors="0">
  <testcase name="login" time="0.95" classname="com.Project.Main.LoginPage"/>
  <testcase name="login" time="1.034" classname="com.Project.Main.LoginPage"/>
  <testcase name="login" time="0.992" classname="com.Project.Main.LoginPage"/>
  <testcase name="signUp" time="1.016" classname="com.Project.Main.LoginPage"/>
</testsuite> <!-- Test -->
