<?xml version="1.0" encoding="UTF-8"?>
<testng-results skipped="0" failed="0" ignored="0" total="4" passed="4">
  <reporter-output>
  </reporter-output>
  <suite name="Suite" duration-ms="20032" started-at="2020-08-27T11:27:18Z" finished-at="2020-08-27T11:27:38Z">
    <groups>
    </groups>
    <test name="Test" duration-ms="20032" started-at="2020-08-27T11:27:18Z" finished-at="2020-08-27T11:27:38Z">
      <class name="com.Project.Main.LoginPage">
        <test-method status="PASS" signature="beforeClass()[pri:0, instance:com.Project.Main.LoginPage@13acb0d1]" name="beforeClass" is-config="true" duration-ms="7879" started-at="2020-08-27T16:57:18Z" finished-at="2020-08-27T16:57:26Z">
          <reporter-output>
          </reporter-output>
        </test-method> <!-- beforeClass -->
        <test-method status="PASS" signature="browser()[pri:0, instance:com.Project.Main.LoginPage@13acb0d1]" name="browser" is-config="true" duration-ms="3218" started-at="2020-08-27T16:57:26Z" finished-at="2020-08-27T16:57:30Z">
          <reporter-output>
          </reporter-output>
        </test-method> <!-- browser -->
        <test-method status="PASS" signature="login(java.lang.String, java.lang.String)[pri:0, instance:com.Project.Main.LoginPage@13acb0d1]" name="login" duration-ms="1893" started-at="2020-08-27T16:57:30Z" data-provider="data" finished-at="2020-08-27T16:57:31Z">
          <params>
            <param index="0">
              <value>
                <![CDATA[admin]]>
              </value>
            </param>
            <param index="1">
              <value>
                <![CDATA[admin]]>
              </value>
            </param>
          </params>
          <reporter-output>
          </reporter-output>
        </test-method> <!-- login -->
        <test-method status="PASS" signature="browser()[pri:0, instance:com.Project.Main.LoginPage@13acb0d1]" name="browser" is-config="true" duration-ms="744" started-at="2020-08-27T16:57:31Z" finished-at="2020-08-27T16:57:32Z">
          <reporter-output>
          </reporter-output>
        </test-method> <!-- browser -->
        <test-method status="PASS" signature="login(java.lang.String, java.lang.String)[pri:0, instance:com.Project.Main.LoginPage@13acb0d1]" name="login" duration-ms="1256" started-at="2020-08-27T16:57:32Z" data-provider="data" finished-at="2020-08-27T16:57:33Z">
          <params>
            <param index="0">
              <value>
                <![CDATA[demo]]>
              </value>
            </param>
            <param index="1">
              <value>
                <![CDATA[demo]]>
              </value>
            </param>
          </params>
          <reporter-output>
          </reporter-output>
        </test-method> <!-- login -->
        <test-method status="PASS" signature="browser()[pri:0, instance:com.Project.Main.LoginPage@13acb0d1]" name="browser" is-config="true" duration-ms="590" started-at="2020-08-27T16:57:33Z" finished-at="2020-08-27T16:57:34Z">
          <reporter-output>
          </reporter-output>
        </test-method> <!-- browser -->
        <test-method status="PASS" signature="login(java.lang.String, java.lang.String)[pri:0, instance:com.Project.Main.LoginPage@13acb0d1]" name="login" duration-ms="1207" started-at="2020-08-27T16:57:34Z" data-provider="data" finished-at="2020-08-27T16:57:35Z">
          <params>
            <param index="0">
              <value>
                <![CDATA[devqa]]>
              </value>
            </param>
            <param index="1">
              <value>
                <![CDATA[devqa]]>
              </value>
            </param>
          </params>
          <reporter-output>
          </reporter-output>
        </test-method> <!-- login -->
        <test-method status="PASS" signature="browser()[pri:0, instance:com.Project.Main.LoginPage@13acb0d1]" name="browser" is-config="true" duration-ms="648" started-at="2020-08-27T16:57:35Z" finished-at="2020-08-27T16:57:36Z">
          <reporter-output>
          </reporter-output>
        </test-method> <!-- browser -->
        <test-method status="PASS" signature="signUp()[pri:0, instance:com.Project.Main.LoginPage@13acb0d1]" name="signUp" duration-ms="1251" started-at="2020-08-27T16:57:36Z" finished-at="2020-08-27T16:57:37Z">
          <reporter-output>
          </reporter-output>
        </test-method> <!-- signUp -->
        <test-method status="PASS" signature="afterClass()[pri:0, instance:com.Project.Main.LoginPage@13acb0d1]" name="afterClass" is-config="true" duration-ms="1285" started-at="2020-08-27T16:57:37Z" finished-at="2020-08-27T16:57:38Z">
          <reporter-output>
          </reporter-output>
        </test-method> <!-- afterClass -->
      </class> <!-- com.Project.Main.LoginPage -->
    </test> <!-- Test -->
  </suite> <!-- Suite -->
</testng-results>
