<?xml version="1.0" encoding="UTF-8"?>
<testng-results skipped="0" failed="0" ignored="0" total="4" passed="4">
  <reporter-output>
  </reporter-output>
  <suite name="Suite" duration-ms="16851" started-at="2020-08-27T11:10:54Z" finished-at="2020-08-27T11:11:11Z">
    <groups>
    </groups>
    <test name="Test" duration-ms="16851" started-at="2020-08-27T11:10:54Z" finished-at="2020-08-27T11:11:11Z">
      <class name="com.Project.Main.LoginPage">
        <test-method status="PASS" signature="beforeClass()[pri:0, instance:com.Project.Main.LoginPage@13acb0d1]" name="beforeClass" is-config="true" duration-ms="6846" started-at="2020-08-27T16:40:54Z" finished-at="2020-08-27T16:41:01Z">
          <reporter-output>
          </reporter-output>
        </test-method> <!-- beforeClass -->
        <test-method status="PASS" signature="browser()[pri:0, instance:com.Project.Main.LoginPage@13acb0d1]" name="browser" is-config="true" duration-ms="4321" started-at="2020-08-27T16:41:01Z" finished-at="2020-08-27T16:41:05Z">
          <reporter-output>
          </reporter-output>
        </test-method> <!-- browser -->
        <test-method status="PASS" signature="login(java.lang.String, java.lang.String)[pri:0, instance:com.Project.Main.LoginPage@13acb0d1]" name="login" duration-ms="1049" started-at="2020-08-27T16:41:05Z" data-provider="data" finished-at="2020-08-27T16:41:06Z">
          <params>
            <param index="0">
              <value>
                <![CDATA[admin]]>
              </value>
            </param>
            <param index="1">
              <value>
                <![CDATA[admin]]>
              </value>
            </param>
          </params>
          <reporter-output>
          </reporter-output>
        </test-method> <!-- login -->
        <test-method status="PASS" signature="browser()[pri:0, instance:com.Project.Main.LoginPage@13acb0d1]" name="browser" is-config="true" duration-ms="268" started-at="2020-08-27T16:41:06Z" finished-at="2020-08-27T16:41:06Z">
          <reporter-output>
          </reporter-output>
        </test-method> <!-- browser -->
        <test-method status="PASS" signature="login(java.lang.String, java.lang.String)[pri:0, instance:com.Project.Main.LoginPage@13acb0d1]" name="login" duration-ms="970" started-at="2020-08-27T16:41:06Z" data-provider="data" finished-at="2020-08-27T16:41:07Z">
          <params>
            <param index="0">
              <value>
                <![CDATA[demo]]>
              </value>
            </param>
            <param index="1">
              <value>
                <![CDATA[demo]]>
              </value>
            </param>
          </params>
          <reporter-output>
          </reporter-output>
        </test-method> <!-- login -->
        <test-method status="PASS" signature="browser()[pri:0, instance:com.Project.Main.LoginPage@13acb0d1]" name="browser" is-config="true" duration-ms="215" started-at="2020-08-27T16:41:07Z" finished-at="2020-08-27T16:41:07Z">
          <reporter-output>
          </reporter-output>
        </test-method> <!-- browser -->
        <test-method status="PASS" signature="login(java.lang.String, java.lang.String)[pri:0, instance:com.Project.Main.LoginPage@13acb0d1]" name="login" duration-ms="986" started-at="2020-08-27T16:41:07Z" data-provider="data" finished-at="2020-08-27T16:41:08Z">
          <params>
            <param index="0">
              <value>
                <![CDATA[devqa]]>
              </value>
            </param>
            <param index="1">
              <value>
                <![CDATA[devqa]]>
              </value>
            </param>
          </params>
          <reporter-output>
          </reporter-output>
        </test-method> <!-- login -->
        <test-method status="PASS" signature="browser()[pri:0, instance:com.Project.Main.LoginPage@13acb0d1]" name="browser" is-config="true" duration-ms="333" started-at="2020-08-27T16:41:08Z" finished-at="2020-08-27T16:41:09Z">
          <reporter-output>
          </reporter-output>
        </test-method> <!-- browser -->
        <test-method status="PASS" signature="signUp()[pri:0, instance:com.Project.Main.LoginPage@13acb0d1]" name="signUp" duration-ms="1045" started-at="2020-08-27T16:41:09Z" finished-at="2020-08-27T16:41:10Z">
          <reporter-output>
          </reporter-output>
        </test-method> <!-- signUp -->
        <test-method status="PASS" signature="afterClass()[pri:0, instance:com.Project.Main.LoginPage@13acb0d1]" name="afterClass" is-config="true" duration-ms="760" started-at="2020-08-27T16:41:10Z" finished-at="2020-08-27T16:41:11Z">
          <reporter-output>
          </reporter-output>
        </test-method> <!-- afterClass -->
      </class> <!-- com.Project.Main.LoginPage -->
    </test> <!-- Test -->
  </suite> <!-- Suite -->
</testng-results>
